2018-02-08 14:37:18.815 [main] ERROR com.yunnex.boot.framework.boot_core.CheckClass - 解析jar失败
java.io.FileNotFoundException: HelloWorld_1.0.0.201802071741.jar (系统找不到指定的文件。)
	at java.util.zip.ZipFile.open(Native Method)
	at java.util.zip.ZipFile.<init>(ZipFile.java:225)
	at java.util.zip.ZipFile.<init>(ZipFile.java:155)
	at java.util.jar.JarFile.<init>(JarFile.java:166)
	at java.util.jar.JarFile.<init>(JarFile.java:103)
	at com.yunnex.boot.framework.boot_core.CheckClass.main(CheckClass.java:30)
2018-02-08 14:37:18.821 [main] ERROR com.yunnex.boot.framework.boot_core.CheckClass - 解析jar失败
java.io.FileNotFoundException: org.eclipse.osgi.compatibility.state_1.0.1.v20140709-1414.jar (系统找不到指定的文件。)
	at java.util.zip.ZipFile.open(Native Method)
	at java.util.zip.ZipFile.<init>(ZipFile.java:225)
	at java.util.zip.ZipFile.<init>(ZipFile.java:155)
	at java.util.jar.JarFile.<init>(JarFile.java:166)
	at java.util.jar.JarFile.<init>(JarFile.java:103)
	at com.yunnex.boot.framework.boot_core.CheckClass.main(CheckClass.java:30)
2018-02-08 14:37:18.822 [main] ERROR com.yunnex.boot.framework.boot_core.CheckClass - 解析jar失败
java.io.FileNotFoundException: org.eclipse.osgi.services_3.4.0.v20140312-2051.jar (系统找不到指定的文件。)
	at java.util.zip.ZipFile.open(Native Method)
	at java.util.zip.ZipFile.<init>(ZipFile.java:225)
	at java.util.zip.ZipFile.<init>(ZipFile.java:155)
	at java.util.jar.JarFile.<init>(JarFile.java:166)
	at java.util.jar.JarFile.<init>(JarFile.java:103)
	at com.yunnex.boot.framework.boot_core.CheckClass.main(CheckClass.java:30)
2018-02-08 14:37:18.823 [main] ERROR com.yunnex.boot.framework.boot_core.CheckClass - 解析jar失败
java.io.FileNotFoundException: org.eclipse.osgi.util_3.3.0.v20131023-1243.jar (系统找不到指定的文件。)
	at java.util.zip.ZipFile.open(Native Method)
	at java.util.zip.ZipFile.<init>(ZipFile.java:225)
	at java.util.zip.ZipFile.<init>(ZipFile.java:155)
	at java.util.jar.JarFile.<init>(JarFile.java:166)
	at java.util.jar.JarFile.<init>(JarFile.java:103)
	at com.yunnex.boot.framework.boot_core.CheckClass.main(CheckClass.java:30)
2018-02-08 14:37:18.824 [main] ERROR com.yunnex.boot.framework.boot_core.CheckClass - 解析jar失败
java.io.FileNotFoundException: org.eclipse.osgi_3.10.2.v20150203-1939.jar (系统找不到指定的文件。)
	at java.util.zip.ZipFile.open(Native Method)
	at java.util.zip.ZipFile.<init>(ZipFile.java:225)
	at java.util.zip.ZipFile.<init>(ZipFile.java:155)
	at java.util.jar.JarFile.<init>(JarFile.java:166)
	at java.util.jar.JarFile.<init>(JarFile.java:103)
	at com.yunnex.boot.framework.boot_core.CheckClass.main(CheckClass.java:30)
2018-02-08 14:37:40.405 [main] ERROR com.yunnex.boot.framework.boot_core.CheckClass - 解析jar失败
java.io.FileNotFoundException: HelloWorld_1.0.0.201802071741.jar (系统找不到指定的文件。)
	at java.util.zip.ZipFile.open(Native Method)
	at java.util.zip.ZipFile.<init>(ZipFile.java:225)
	at java.util.zip.ZipFile.<init>(ZipFile.java:155)
	at java.util.jar.JarFile.<init>(JarFile.java:166)
	at java.util.jar.JarFile.<init>(JarFile.java:103)
	at com.yunnex.boot.framework.boot_core.CheckClass.main(CheckClass.java:30)
2018-02-08 14:37:40.410 [main] ERROR com.yunnex.boot.framework.boot_core.CheckClass - 解析jar失败
java.io.FileNotFoundException: org.eclipse.osgi.compatibility.state_1.0.1.v20140709-1414.jar (系统找不到指定的文件。)
	at java.util.zip.ZipFile.open(Native Method)
	at java.util.zip.ZipFile.<init>(ZipFile.java:225)
	at java.util.zip.ZipFile.<init>(ZipFile.java:155)
	at java.util.jar.JarFile.<init>(JarFile.java:166)
	at java.util.jar.JarFile.<init>(JarFile.java:103)
	at com.yunnex.boot.framework.boot_core.CheckClass.main(CheckClass.java:30)
2018-02-08 14:37:40.411 [main] ERROR com.yunnex.boot.framework.boot_core.CheckClass - 解析jar失败
java.io.FileNotFoundException: org.eclipse.osgi.services_3.4.0.v20140312-2051.jar (系统找不到指定的文件。)
	at java.util.zip.ZipFile.open(Native Method)
	at java.util.zip.ZipFile.<init>(ZipFile.java:225)
	at java.util.zip.ZipFile.<init>(ZipFile.java:155)
	at java.util.jar.JarFile.<init>(JarFile.java:166)
	at java.util.jar.JarFile.<init>(JarFile.java:103)
	at com.yunnex.boot.framework.boot_core.CheckClass.main(CheckClass.java:30)
2018-02-08 14:37:40.411 [main] ERROR com.yunnex.boot.framework.boot_core.CheckClass - 解析jar失败
java.io.FileNotFoundException: org.eclipse.osgi.util_3.3.0.v20131023-1243.jar (系统找不到指定的文件。)
	at java.util.zip.ZipFile.open(Native Method)
	at java.util.zip.ZipFile.<init>(ZipFile.java:225)
	at java.util.zip.ZipFile.<init>(ZipFile.java:155)
	at java.util.jar.JarFile.<init>(JarFile.java:166)
	at java.util.jar.JarFile.<init>(JarFile.java:103)
	at com.yunnex.boot.framework.boot_core.CheckClass.main(CheckClass.java:30)
2018-02-08 14:37:40.412 [main] ERROR com.yunnex.boot.framework.boot_core.CheckClass - 解析jar失败
java.io.FileNotFoundException: org.eclipse.osgi_3.10.2.v20150203-1939.jar (系统找不到指定的文件。)
	at java.util.zip.ZipFile.open(Native Method)
	at java.util.zip.ZipFile.<init>(ZipFile.java:225)
	at java.util.zip.ZipFile.<init>(ZipFile.java:155)
	at java.util.jar.JarFile.<init>(JarFile.java:166)
	at java.util.jar.JarFile.<init>(JarFile.java:103)
	at com.yunnex.boot.framework.boot_core.CheckClass.main(CheckClass.java:30)
2018-02-08 14:38:17.981 [main] ERROR com.yunnex.boot.framework.boot_core.CheckClass - 解析jar失败
java.io.FileNotFoundException: HelloWorld_1.0.0.201802071741.jar (系统找不到指定的文件。)
	at java.util.zip.ZipFile.open(Native Method)
	at java.util.zip.ZipFile.<init>(ZipFile.java:225)
	at java.util.zip.ZipFile.<init>(ZipFile.java:155)
	at java.util.jar.JarFile.<init>(JarFile.java:166)
	at java.util.jar.JarFile.<init>(JarFile.java:103)
	at com.yunnex.boot.framework.boot_core.CheckClass.main(CheckClass.java:31)
2018-02-08 14:38:17.985 [main] ERROR com.yunnex.boot.framework.boot_core.CheckClass - 解析jar失败
java.io.FileNotFoundException: org.eclipse.osgi.compatibility.state_1.0.1.v20140709-1414.jar (系统找不到指定的文件。)
	at java.util.zip.ZipFile.open(Native Method)
	at java.util.zip.ZipFile.<init>(ZipFile.java:225)
	at java.util.zip.ZipFile.<init>(ZipFile.java:155)
	at java.util.jar.JarFile.<init>(JarFile.java:166)
	at java.util.jar.JarFile.<init>(JarFile.java:103)
	at com.yunnex.boot.framework.boot_core.CheckClass.main(CheckClass.java:31)
2018-02-08 14:38:17.985 [main] ERROR com.yunnex.boot.framework.boot_core.CheckClass - 解析jar失败
java.io.FileNotFoundException: org.eclipse.osgi.services_3.4.0.v20140312-2051.jar (系统找不到指定的文件。)
	at java.util.zip.ZipFile.open(Native Method)
	at java.util.zip.ZipFile.<init>(ZipFile.java:225)
	at java.util.zip.ZipFile.<init>(ZipFile.java:155)
	at java.util.jar.JarFile.<init>(JarFile.java:166)
	at java.util.jar.JarFile.<init>(JarFile.java:103)
	at com.yunnex.boot.framework.boot_core.CheckClass.main(CheckClass.java:31)
2018-02-08 14:38:17.986 [main] ERROR com.yunnex.boot.framework.boot_core.CheckClass - 解析jar失败
java.io.FileNotFoundException: org.eclipse.osgi.util_3.3.0.v20131023-1243.jar (系统找不到指定的文件。)
	at java.util.zip.ZipFile.open(Native Method)
	at java.util.zip.ZipFile.<init>(ZipFile.java:225)
	at java.util.zip.ZipFile.<init>(ZipFile.java:155)
	at java.util.jar.JarFile.<init>(JarFile.java:166)
	at java.util.jar.JarFile.<init>(JarFile.java:103)
	at com.yunnex.boot.framework.boot_core.CheckClass.main(CheckClass.java:31)
2018-02-08 14:38:17.986 [main] ERROR com.yunnex.boot.framework.boot_core.CheckClass - 解析jar失败
java.io.FileNotFoundException: org.eclipse.osgi_3.10.2.v20150203-1939.jar (系统找不到指定的文件。)
	at java.util.zip.ZipFile.open(Native Method)
	at java.util.zip.ZipFile.<init>(ZipFile.java:225)
	at java.util.zip.ZipFile.<init>(ZipFile.java:155)
	at java.util.jar.JarFile.<init>(JarFile.java:166)
	at java.util.jar.JarFile.<init>(JarFile.java:103)
	at com.yunnex.boot.framework.boot_core.CheckClass.main(CheckClass.java:31)
2018-02-08 15:37:30.047 [main] ERROR com.yunnex.boot.framework.boot_core.CheckClass - 解析jar失败
java.io.FileNotFoundException: C:\Users\Administrato\Desktop\plugins\test (拒绝访问。)
	at java.util.zip.ZipFile.open(Native Method)
	at java.util.zip.ZipFile.<init>(ZipFile.java:225)
	at java.util.zip.ZipFile.<init>(ZipFile.java:155)
	at java.util.jar.JarFile.<init>(JarFile.java:166)
	at java.util.jar.JarFile.<init>(JarFile.java:103)
	at com.yunnex.boot.framework.boot_core.CheckClass.main(CheckClass.java:38)
